# JRE version: Java(TM) SE Runtime Environment (8.0_261-b12) (build 1.8.0_261-b12)
# Java VM: Java HotSpot(TM) 64-Bit Server VM (25.261-b12 mixed mode windows-amd64 compressed oops)
Heap:
 PSYoungGen      total 38400K, used 8581K [0x00000000d5900000, 0x00000000d8380000, 0x0000000100000000)
  eden space 33280K, 10% used [0x00000000d5900000,0x00000000d5c61c78,0x00000000d7980000)
  from space 5120K, 99% used [0x00000000d7e80000,0x00000000d837f850,0x00000000d8380000)
  to   space 5120K, 0% used [0x00000000d7980000,0x00000000d7980000,0x00000000d7e80000)
 ParOldGen       total 87552K, used 8508K [0x0000000080a00000, 0x0000000085f80000, 0x00000000d5900000)
  object space 87552K, 9% used [0x0000000080a00000,0x000000008124f060,0x0000000085f80000)
 Metaspace       used 16830K, capacity 17404K, committed 17536K, reserved 1064960K
  class space    used 2198K, capacity 2331K, committed 2432K, reserved 1048576K
GC Heap History (4 events):
Event: 1.970 GC heap before
{Heap before GC invocations=1 (full 0):
 PSYoungGen      total 38400K, used 33280K [0x00000000d5900000, 0x00000000d8380000, 0x0000000100000000)
  eden space 33280K, 100% used [0x00000000d5900000,0x00000000d7980000,0x00000000d7980000)
  from space 5120K, 0% used [0x00000000d7e80000,0x00000000d7e80000,0x00000000d8380000)
  to   space 5120K, 0% used [0x00000000d7980000,0x00000000d7980000,0x00000000d7e80000)
 ParOldGen       total 87552K, used 0K [0x0000000080a00000, 0x0000000085f80000, 0x00000000d5900000)
  object space 87552K, 0% used [0x0000000080a00000,0x0000000080a00000,0x0000000085f80000)
 Metaspace       used 14500K, capacity 14902K, committed 15232K, reserved 1062912K
  class space    used 1925K, capacity 2050K, committed 2176K, reserved 1048576K
Event: 1.975 GC heap after
Heap after GC invocations=1 (full 0):
 PSYoungGen      total 38400K, used 5089K [0x00000000d5900000, 0x00000000d8380000, 0x0000000100000000)
  eden space 33280K, 0% used [0x00000000d5900000,0x00000000d5900000,0x00000000d7980000)
  from space 5120K, 99% used [0x00000000d7980000,0x00000000d7e787e0,0x00000000d7e80000)
  to   space 5120K, 0% used [0x00000000d7e80000,0x00000000d7e80000,0x00000000d8380000)
 ParOldGen       total 87552K, used 3732K [0x0000000080a00000, 0x0000000085f80000, 0x00000000d5900000)
  object space 87552K, 4% used [0x0000000080a00000,0x0000000080da5188,0x0000000085f80000)
 Metaspace       used 14500K, capacity 14902K, committed 15232K, reserved 1062912K
  class space    used 1925K, capacity 2050K, committed 2176K, reserved 1048576K
}
Event: 147.733 GC heap before
{Heap before GC invocations=2 (full 0):
 PSYoungGen      total 38400K, used 37213K [0x00000000d5900000, 0x00000000d8380000, 0x0000000100000000)
  eden space 33280K, 96% used [0x00000000d5900000,0x00000000d785edb0,0x00000000d7980000)
  from space 5120K, 99% used [0x00000000d7980000,0x00000000d7e787e0,0x00000000d7e80000)
  to   space 5120K, 0% used [0x00000000d7e80000,0x00000000d7e80000,0x00000000d8380000)
 ParOldGen       total 87552K, used 3732K [0x0000000080a00000, 0x0000000085f80000, 0x00000000d5900000)
  object space 87552K, 4% used [0x0000000080a00000,0x0000000080da5188,0x0000000085f80000)
 Metaspace       used 16802K, capacity 17340K, committed 17536K, reserved 1064960K
  class space    used 2193K, capacity 2331K, committed 2432K, reserved 1048576K
Event: 147.737 GC heap after
Heap after GC invocations=2 (full 0):
 PSYoungGen      total 38400K, used 5118K [0x00000000d5900000, 0x00000000d8380000, 0x0000000100000000)
  eden space 33280K, 0% used [0x00000000d5900000,0x00000000d5900000,0x00000000d7980000)
  from space 5120K, 99% used [0x00000000d7e80000,0x00000000d837f850,0x00000000d8380000)
  to   space 5120K, 0% used [0x00000000d7980000,0x00000000d7980000,0x00000000d7e80000)
 ParOldGen       total 87552K, used 8508K [0x0000000080a00000, 0x0000000085f80000, 0x00000000d5900000)
  object space 87552K, 9% used [0x0000000080a00000,0x000000008124f060,0x0000000085f80000)
 Metaspace       used 16802K, capacity 17340K, committed 17536K, reserved 1064960K
  class space    used 2193K, capacity 2331K, committed 2432K, reserved 1048576K
}

