# JRE version: Java(TM) SE Runtime Environment (8.0_261-b12) (build 1.8.0_261-b12)
# Java VM: Java HotSpot(TM) 64-Bit Server VM (25.261-b12 mixed mode windows-amd64 compressed oops)
Heap:
 PSYoungGen      total 38400K, used 19392K [0x00000000d5900000, 0x00000000d8380000, 0x0000000100000000)
  eden space 33280K, 58% used [0x00000000d5900000,0x00000000d6bf00a8,0x00000000d7980000)
  from space 5120K, 0% used [0x00000000d7980000,0x00000000d7980000,0x00000000d7e80000)
  to   space 5120K, 0% used [0x00000000d7e80000,0x00000000d7e80000,0x00000000d8380000)
 ParOldGen       total 63488K, used 1749K [0x0000000080a00000, 0x0000000084800000, 0x00000000d5900000)
  object space 63488K, 2% used [0x0000000080a00000,0x0000000080bb5428,0x0000000084800000)
 Metaspace       used 12789K, capacity 13436K, committed 13568K, reserved 1069056K
  class space    used 1744K, capacity 1926K, committed 2048K, reserved 1048576K
GC Heap History (4 events):
Event: 0.620 GC heap before
{Heap before GC invocations=1 (full 0):
 PSYoungGen      total 38400K, used 16174K [0x00000000d5900000, 0x00000000d8380000, 0x0000000100000000)
  eden space 33280K, 48% used [0x00000000d5900000,0x00000000d68cbbb8,0x00000000d7980000)
  from space 5120K, 0% used [0x00000000d7e80000,0x00000000d7e80000,0x00000000d8380000)
  to   space 5120K, 0% used [0x00000000d7980000,0x00000000d7980000,0x00000000d7e80000)
 ParOldGen       total 87552K, used 0K [0x0000000080a00000, 0x0000000085f80000, 0x00000000d5900000)
  object space 87552K, 0% used [0x0000000080a00000,0x0000000080a00000,0x0000000085f80000)
 Metaspace       used 8969K, capacity 9330K, committed 9600K, reserved 1071104K
  class space    used 1160K, capacity 1272K, committed 1408K, reserved 1048576K
Event: 0.622 GC heap after
Heap after GC invocations=1 (full 0):
 PSYoungGen      total 38400K, used 1904K [0x00000000d5900000, 0x00000000d8380000, 0x0000000100000000)
  eden space 33280K, 0% used [0x00000000d5900000,0x00000000d5900000,0x00000000d7980000)
  from space 5120K, 37% used [0x00000000d7980000,0x00000000d7b5c030,0x00000000d7e80000)
  to   space 5120K, 0% used [0x00000000d7e80000,0x00000000d7e80000,0x00000000d8380000)
 ParOldGen       total 87552K, used 16K [0x0000000080a00000, 0x0000000085f80000, 0x00000000d5900000)
  object space 87552K, 0% used [0x0000000080a00000,0x0000000080a04000,0x0000000085f80000)
 Metaspace       used 8969K, capacity 9330K, committed 9600K, reserved 1071104K
  class space    used 1160K, capacity 1272K, committed 1408K, reserved 1048576K
}
Event: 0.622 GC heap before
{Heap before GC invocations=2 (full 1):
 PSYoungGen      total 38400K, used 1904K [0x00000000d5900000, 0x00000000d8380000, 0x0000000100000000)
  eden space 33280K, 0% used [0x00000000d5900000,0x00000000d5900000,0x00000000d7980000)
  from space 5120K, 37% used [0x00000000d7980000,0x00000000d7b5c030,0x00000000d7e80000)
  to   space 5120K, 0% used [0x00000000d7e80000,0x00000000d7e80000,0x00000000d8380000)
 ParOldGen       total 87552K, used 16K [0x0000000080a00000, 0x0000000085f80000, 0x00000000d5900000)
  object space 87552K, 0% used [0x0000000080a00000,0x0000000080a04000,0x0000000085f80000)
 Metaspace       used 8969K, capacity 9330K, committed 9600K, reserved 1071104K
  class space    used 1160K, capacity 1272K, committed 1408K, reserved 1048576K
Event: 0.632 GC heap after
Heap after GC invocations=2 (full 1):
 PSYoungGen      total 38400K, used 0K [0x00000000d5900000, 0x00000000d8380000, 0x0000000100000000)
  eden space 33280K, 0% used [0x00000000d5900000,0x00000000d5900000,0x00000000d7980000)
  from space 5120K, 0% used [0x00000000d7980000,0x00000000d7980000,0x00000000d7e80000)
  to   space 5120K, 0% used [0x00000000d7e80000,0x00000000d7e80000,0x00000000d8380000)
 ParOldGen       total 63488K, used 1749K [0x0000000080a00000, 0x0000000084800000, 0x00000000d5900000)
  object space 63488K, 2% used [0x0000000080a00000,0x0000000080bb5428,0x0000000084800000)
 Metaspace       used 8969K, capacity 9330K, committed 9600K, reserved 1067008K
  class space    used 1160K, capacity 1272K, committed 1408K, reserved 1048576K
}

